<?xml version="1.0" encoding="UTF-8"?>
<!-- Generated by org.testng.reporters.JUnitReportReporter -->
<testsuite skipped="0" hostname="DESKTOP-SN7B2MS" name="Framework.Homepage" tests="2" failures="0" timestamp="2020-08-11T11:24:45 IST" time="12.320" errors="0">
  <testcase name="basepagenavigation" time="3.307" classname="Framework.Homepage"/>
  <system-out/>
  <testcase name="basepagenavigation" time="9.013" classname="Framework.Homepage"/>
  <system-out/>
</testsuite> <!-- Framework.Homepage -->
