<?xml version="1.0" encoding="UTF-8"?>
<!-- Generated by org.testng.reporters.JUnitReportReporter -->
<testsuite skipped="0" hostname="DESKTOP-SN7B2MS" name="Framework.ValidateTitle" tests="1" failures="0" timestamp="2020-08-11T11:24:45 IST" time="0.191" errors="0">
  <testcase name="basepagenaviation" time="0.191" classname="Framework.ValidateTitle"/>
  <system-out/>
</testsuite> <!-- Framework.ValidateTitle -->
