<?xml version="1.0" encoding="UTF-8"?>
<!-- Generated by org.testng.reporters.JUnitReportReporter -->
<testsuite skipped="0" hostname="DESKTOP-SN7B2MS" name="Framework.ValidateNavigationbar" tests="1" failures="0" timestamp="2020-08-11T11:24:45 IST" time="0.187" errors="0">
  <testcase name="baseinitilaization" time="0.187" classname="Framework.ValidateNavigationbar"/>
  <system-out/>
</testsuite> <!-- Framework.ValidateNavigationbar -->
