<?xml version="1.0" encoding="UTF-8"?>
<!-- Generated by org.testng.reporters.JUnitReportReporter -->
<testsuite hostname="DESKTOP-SN7B2MS" failures="0" tests="1" name="Framework.ValidateTitle" time="0.090" errors="0" timestamp="2020-06-05T06:52:54 IST" skipped="0">
  <testcase classname="Framework.ValidateTitle" name="basepagenaviation" time="0.090"/>
  <system-out/>
</testsuite> <!-- Framework.ValidateTitle -->
