<?xml version="1.0" encoding="UTF-8"?>
<!-- Generated by org.testng.reporters.JUnitReportReporter -->
<testsuite hostname="DESKTOP-SN7B2MS" failures="0" tests="2" name="Framework.Homepage" time="19.321" errors="0" timestamp="2020-06-05T06:52:54 IST" skipped="0">
  <testcase classname="Framework.Homepage" name="basepagenavigation" time="8.470"/>
  <system-out/>
  <testcase classname="Framework.Homepage" name="basepagenavigation" time="10.851"/>
  <system-out/>
</testsuite> <!-- Framework.Homepage -->
