<?xml version="1.0" encoding="UTF-8"?>
<!-- Generated by org.testng.reporters.JUnitReportReporter -->
<testsuite hostname="DESKTOP-SN7B2MS" failures="0" tests="1" name="Framework.ValidateNavigationbar" time="0.060" errors="0" timestamp="2020-06-05T06:52:54 IST" skipped="0">
  <testcase classname="Framework.ValidateNavigationbar" name="baseinitilaization" time="0.060"/>
  <system-out/>
</testsuite> <!-- Framework.ValidateNavigationbar -->
